<?xml version="1.0" encoding="UTF-8"?>
<!-- Generated by org.testng.reporters.JUnitReportReporter -->
<testsuite hostname="DESKTOP-AD9FN0L" failures="0" tests="2" name="ecommerceproject.tests.ErrorValidations" time="10.436" errors="0" timestamp="2025-07-15T20:03:50 IST" skipped="0">
  <testcase classname="ecommerceproject.tests.ErrorValidations" name="LoginErrorValidation" time="3.328"/>
  <testcase classname="ecommerceproject.tests.ErrorValidations" name="productErrorValidation" time="7.108"/>
</testsuite> <!-- ecommerceproject.tests.ErrorValidations -->
