<?xml version="1.0" encoding="UTF-8"?>
<!-- Generated by org.testng.reporters.JUnitReportReporter -->
<testsuite hostname="DESKTOP-AD9FN0L" failures="0" tests="2" name="ecommerceproject.tests.SubmitOrderTest" time="22.746" errors="0" timestamp="2025-07-15T20:03:50 IST" skipped="0">
  <testcase classname="ecommerceproject.tests.SubmitOrderTest" name="submitOrder" time="11.950"/>
  <testcase classname="ecommerceproject.tests.SubmitOrderTest" name="submitOrder" time="10.796"/>
</testsuite> <!-- ecommerceproject.tests.SubmitOrderTest -->
